c:\users\schwarztoter\source\repos\hashcracker\build\intermediates\vc143.pdb
c:\users\schwarztoter\source\repos\hashcracker\build\intermediates\cracker.obj
c:\users\schwarztoter\source\repos\hashcracker\build\libcrypto-3-x64.dll
c:\users\schwarztoter\source\repos\hashcracker\build\hashcracker.exe
c:\users\schwarztoter\source\repos\hashcracker\build\hashcracker.pdb
c:\users\schwarztoter\source\repos\hashcracker\build\intermediates\hashcracker.ipdb
c:\users\schwarztoter\source\repos\hashcracker\build\intermediates\hashcracker.iobj
c:\users\schwarztoter\source\repos\hashcracker\build\intermediates\main.obj
c:\users\schwarztoter\source\repos\hashcracker\build\intermediates\hashcracker.ilk
c:\users\schwarztoter\source\repos\hashcracker\build\intermediates\vc143.idb
c:\users\schwarztoter\source\repos\hashcracker\build\intermediates\hashcracker.vcxproj.filelistabsolute.txt
c:\users\schwarztoter\source\repos\hashcracker\build\intermediates\hashcracker.tlog\cl.command.1.tlog
c:\users\schwarztoter\source\repos\hashcracker\build\intermediates\hashcracker.tlog\cl.items.tlog
c:\users\schwarztoter\source\repos\hashcracker\build\intermediates\hashcracker.tlog\cl.read.1.tlog
c:\users\schwarztoter\source\repos\hashcracker\build\intermediates\hashcracker.tlog\cl.write.1.tlog
c:\users\schwarztoter\source\repos\hashcracker\build\intermediates\hashcracker.tlog\hashcracker.write.1u.tlog
c:\users\schwarztoter\source\repos\hashcracker\build\intermediates\hashcracker.tlog\link.command.1.tlog
c:\users\schwarztoter\source\repos\hashcracker\build\intermediates\hashcracker.tlog\link.read.1.tlog
c:\users\schwarztoter\source\repos\hashcracker\build\intermediates\hashcracker.tlog\link.secondary.1.tlog
c:\users\schwarztoter\source\repos\hashcracker\build\intermediates\hashcracker.tlog\link.write.1.tlog
